# JRE version: OpenJDK Runtime Environment Temurin-17.0.7+7 (17.0.7+7) (build 17.0.7+7)
# Java VM: OpenJDK 64-Bit Server VM Temurin-17.0.7+7 (17.0.7+7, mixed mode, sharing, tiered, compressed oops, compressed class ptrs, g1 gc, windows-amd64)
GC Precious Log:
 CPUs: 12 total, 12 available
 Memory: 12092M
 Large Page Support: Disabled
 NUMA Support: Disabled
 Compressed Oops: Enabled (Zero based)
 Heap Region Size: 2M
 Heap Min Capacity: 512M
 Heap Initial Capacity: 512M
 Heap Max Capacity: 4072M
 Pre-touch: Disabled
 Parallel Workers: 10
 Concurrent Workers: 3
 Concurrent Refinement Workers: 10
 Periodic GC: Disabled
 String Deduplication is enabled
Heap:
 garbage-first heap   total 524288K, used 214206K [0x0000000701800000, 0x0000000800000000)
  region size 2048K, 28 young (57344K), 3 survivors (6144K)
 Metaspace       used 93481K, committed 94016K, reserved 1179648K
  class space    used 13428K, committed 13696K, reserved 1048576K
GC Heap History (20 events):
Event: 12967.917 GC heap before
{Heap before GC invocations=263 (full 11):
 garbage-first heap   total 524288K, used 231337K [0x0000000701800000, 0x0000000800000000)
  region size 2048K, 40 young (81920K), 1 survivors (2048K)
 Metaspace       used 93175K, committed 93760K, reserved 1179648K
  class space    used 13396K, committed 13696K, reserved 1048576K
}
Event: 12967.921 GC heap after
{Heap after GC invocations=264 (full 11):
 garbage-first heap   total 524288K, used 151572K [0x0000000701800000, 0x0000000800000000)
  region size 2048K, 1 young (2048K), 1 survivors (2048K)
 Metaspace       used 93175K, committed 93760K, reserved 1179648K
  class space    used 13396K, committed 13696K, reserved 1048576K
}
Event: 12971.583 GC heap before
{Heap before GC invocations=264 (full 11):
 garbage-first heap   total 524288K, used 231444K [0x0000000701800000, 0x0000000800000000)
  region size 2048K, 40 young (81920K), 1 survivors (2048K)
 Metaspace       used 93184K, committed 93760K, reserved 1179648K
  class space    used 13396K, committed 13696K, reserved 1048576K
}
Event: 12971.587 GC heap after
{Heap after GC invocations=265 (full 11):
 garbage-first heap   total 524288K, used 159119K [0x0000000701800000, 0x0000000800000000)
  region size 2048K, 5 young (10240K), 5 survivors (10240K)
 Metaspace       used 93184K, committed 93760K, reserved 1179648K
  class space    used 13396K, committed 13696K, reserved 1048576K
}
Event: 12976.839 GC heap before
{Heap before GC invocations=265 (full 11):
 garbage-first heap   total 524288K, used 228751K [0x0000000701800000, 0x0000000800000000)
  region size 2048K, 40 young (81920K), 5 survivors (10240K)
 Metaspace       used 93190K, committed 93824K, reserved 1179648K
  class space    used 13396K, committed 13696K, reserved 1048576K
}
Event: 12976.844 GC heap after
{Heap after GC invocations=266 (full 11):
 garbage-first heap   total 524288K, used 162641K [0x0000000701800000, 0x0000000800000000)
  region size 2048K, 3 young (6144K), 3 survivors (6144K)
 Metaspace       used 93190K, committed 93824K, reserved 1179648K
  class space    used 13396K, committed 13696K, reserved 1048576K
}
Event: 12998.355 GC heap before
{Heap before GC invocations=266 (full 11):
 garbage-first heap   total 524288K, used 238417K [0x0000000701800000, 0x0000000800000000)
  region size 2048K, 40 young (81920K), 3 survivors (6144K)
 Metaspace       used 93194K, committed 93824K, reserved 1179648K
  class space    used 13396K, committed 13696K, reserved 1048576K
}
Event: 12998.365 GC heap after
{Heap after GC invocations=267 (full 11):
 garbage-first heap   total 524288K, used 166652K [0x0000000701800000, 0x0000000800000000)
  region size 2048K, 5 young (10240K), 5 survivors (10240K)
 Metaspace       used 93194K, committed 93824K, reserved 1179648K
  class space    used 13396K, committed 13696K, reserved 1048576K
}
Event: 13018.278 GC heap before
{Heap before GC invocations=267 (full 11):
 garbage-first heap   total 524288K, used 238332K [0x0000000701800000, 0x0000000800000000)
  region size 2048K, 40 young (81920K), 5 survivors (10240K)
 Metaspace       used 93194K, committed 93824K, reserved 1179648K
  class space    used 13396K, committed 13696K, reserved 1048576K
}
Event: 13018.284 GC heap after
{Heap after GC invocations=268 (full 11):
 garbage-first heap   total 524288K, used 165452K [0x0000000701800000, 0x0000000800000000)
  region size 2048K, 3 young (6144K), 3 survivors (6144K)
 Metaspace       used 93194K, committed 93824K, reserved 1179648K
  class space    used 13396K, committed 13696K, reserved 1048576K
}
Event: 13030.498 GC heap before
{Heap before GC invocations=268 (full 11):
 garbage-first heap   total 524288K, used 241228K [0x0000000701800000, 0x0000000800000000)
  region size 2048K, 40 young (81920K), 3 survivors (6144K)
 Metaspace       used 93204K, committed 93824K, reserved 1179648K
  class space    used 13396K, committed 13696K, reserved 1048576K
}
Event: 13030.500 GC heap after
{Heap after GC invocations=269 (full 11):
 garbage-first heap   total 524288K, used 164368K [0x0000000701800000, 0x0000000800000000)
  region size 2048K, 2 young (4096K), 2 survivors (4096K)
 Metaspace       used 93204K, committed 93824K, reserved 1179648K
  class space    used 13396K, committed 13696K, reserved 1048576K
}
Event: 13031.435 GC heap before
{Heap before GC invocations=269 (full 11):
 garbage-first heap   total 524288K, used 242192K [0x0000000701800000, 0x0000000800000000)
  region size 2048K, 40 young (81920K), 2 survivors (4096K)
 Metaspace       used 93220K, committed 93888K, reserved 1179648K
  class space    used 13396K, committed 13696K, reserved 1048576K
}
Event: 13031.438 GC heap after
{Heap after GC invocations=270 (full 11):
 garbage-first heap   total 524288K, used 163983K [0x0000000701800000, 0x0000000800000000)
  region size 2048K, 2 young (4096K), 2 survivors (4096K)
 Metaspace       used 93220K, committed 93888K, reserved 1179648K
  class space    used 13396K, committed 13696K, reserved 1048576K
}
Event: 13059.743 GC heap before
{Heap before GC invocations=270 (full 11):
 garbage-first heap   total 524288K, used 241807K [0x0000000701800000, 0x0000000800000000)
  region size 2048K, 40 young (81920K), 2 survivors (4096K)
 Metaspace       used 93236K, committed 93888K, reserved 1179648K
  class space    used 13396K, committed 13696K, reserved 1048576K
}
Event: 13059.746 GC heap after
{Heap after GC invocations=271 (full 11):
 garbage-first heap   total 524288K, used 164357K [0x0000000701800000, 0x0000000800000000)
  region size 2048K, 2 young (4096K), 2 survivors (4096K)
 Metaspace       used 93236K, committed 93888K, reserved 1179648K
  class space    used 13396K, committed 13696K, reserved 1048576K
}
Event: 13074.889 GC heap before
{Heap before GC invocations=271 (full 11):
 garbage-first heap   total 524288K, used 242181K [0x0000000701800000, 0x0000000800000000)
  region size 2048K, 40 young (81920K), 2 survivors (4096K)
 Metaspace       used 93253K, committed 93888K, reserved 1179648K
  class space    used 13396K, committed 13696K, reserved 1048576K
}
Event: 13074.892 GC heap after
{Heap after GC invocations=272 (full 11):
 garbage-first heap   total 524288K, used 164757K [0x0000000701800000, 0x0000000800000000)
  region size 2048K, 2 young (4096K), 2 survivors (4096K)
 Metaspace       used 93253K, committed 93888K, reserved 1179648K
  class space    used 13396K, committed 13696K, reserved 1048576K
}
Event: 13121.344 GC heap before
{Heap before GC invocations=272 (full 11):
 garbage-first heap   total 524288K, used 242581K [0x0000000701800000, 0x0000000800000000)
  region size 2048K, 40 young (81920K), 2 survivors (4096K)
 Metaspace       used 93422K, committed 94016K, reserved 1179648K
  class space    used 13428K, committed 13696K, reserved 1048576K
}
Event: 13121.347 GC heap after
{Heap after GC invocations=273 (full 11):
 garbage-first heap   total 524288K, used 165054K [0x0000000701800000, 0x0000000800000000)
  region size 2048K, 3 young (6144K), 3 survivors (6144K)
 Metaspace       used 93422K, committed 94016K, reserved 1179648K
  class space    used 13428K, committed 13696K, reserved 1048576K
}

